<?xml version="1.0" encoding="UTF-8"?>
<!-- Generated by org.testng.reporters.JUnitXMLReporter -->
<testsuite ignored="5" hostname="DESKTOP-U4NPF4U" failures="0" tests="1" name="Default test" time="3.346" errors="0" timestamp="2023-05-26T17:18:08 CEST">
  <testcase classname="testCases.BuyPcTest" name="buyCustomPcAndVerifyProcessor" time="2.273"/>
  <testcase classname="testCases.BuyPcTest" name="buyfirstPcTestWithReg" time="0.0">
    <ignored/>
  </testcase> <!-- buyfirstPcTestWithReg -->
  <testcase classname="testCases.BuyPcTest" name="buyCustomPcWithLog" time="0.0">
    <ignored/>
  </testcase> <!-- buyCustomPcWithLog -->
  <testcase classname="testCases.BuyPcTest" name="buyfirstPcTestWithLog" time="0.0">
    <ignored/>
  </testcase> <!-- buyfirstPcTestWithLog -->
  <testcase classname="testCases.BuyPcTest" name="buyCustomPcWithReg" time="0.0">
    <ignored/>
  </testcase> <!-- buyCustomPcWithReg -->
  <testcase classname="testCases.BuyPcTest" name="buyCustomPcAndVerifyRam" time="0.0">
    <ignored/>
  </testcase> <!-- buyCustomPcAndVerifyRam -->
</testsuite> <!-- Default test -->
