<?xml version="1.0" encoding="UTF-8"?>
<testng-results ignored="5" total="6" passed="1" failed="0" skipped="0">
  <reporter-output>
  </reporter-output>
  <suite started-at="2023-05-26T17:18:04 CEST" name="Default suite" finished-at="2023-05-26T17:18:08 CEST" duration-ms="3346">
    <groups>
    </groups>
    <test started-at="2023-05-26T17:18:04 CEST" name="Default test" finished-at="2023-05-26T17:18:08 CEST" duration-ms="3346">
      <class name="testCases.BuyPcTest">
        <test-method is-config="true" signature="setUp()[pri:0, instance:testCases.BuyPcTest@633a2e99]" started-at="2023-05-26T17:18:04 CEST" name="setUp" finished-at="2023-05-26T17:18:05 CEST" duration-ms="976" status="PASS">
          <reporter-output>
          </reporter-output>
        </test-method> <!-- setUp -->
        <test-method signature="buyCustomPcAndVerifyProcessor()[pri:0, instance:testCases.BuyPcTest@633a2e99]" started-at="2023-05-26T17:18:05 CEST" name="buyCustomPcAndVerifyProcessor" finished-at="2023-05-26T17:18:08 CEST" duration-ms="2273" status="PASS">
          <reporter-output>
          </reporter-output>
        </test-method> <!-- buyCustomPcAndVerifyProcessor -->
        <test-method is-config="true" signature="tearDown()[pri:0, instance:testCases.BuyPcTest@633a2e99]" started-at="2023-05-26T17:18:08 CEST" name="tearDown" finished-at="2023-05-26T17:18:08 CEST" duration-ms="71" status="PASS">
          <reporter-output>
          </reporter-output>
        </test-method> <!-- tearDown -->
      </class> <!-- testCases.BuyPcTest -->
    </test> <!-- Default test -->
  </suite> <!-- Default suite -->
</testng-results>
